This is pdfTeX, Version 3.14159265-2.6-1.40.15 (TeX Live 2014) (preloaded format=pdflatex 2014.5.25)  14 JAN 2018 19:45
entering extended mode
 restricted \write18 enabled.
 file:line:error style messages enabled.
 %&-line parsing enabled.
**elsevier.tex
(./elsevier.tex
LaTeX2e <2014/05/01>
Babel <3.9k> and hyphenation patterns for 78 languages loaded.
(./jpconf.cls
Document Class: jpconf 2007/03/07 v1.1 LaTeX class for Journal of Physics: Conf
erence Series
(./jpconf11.clo
File: jpconf11.clo 2005/05/04 v1.0 LaTeX2e file (size option)
)
\indentedwidth=\skip41
\mathindent=\dimen102
\c@oldftnote=\count79
\c@section=\count80
\c@subsection=\count81
\c@subsubsection=\count82
\c@paragraph=\count83
\c@subparagraph=\count84
\c@figure=\count85
\c@table=\count86
\abovecaptionskip=\skip42
\belowcaptionskip=\skip43
\bibindent=\dimen103
\c@eqnval=\count87
)
(/usr/local/texlive/2014/texmf-dist/tex/latex/graphics/color.sty
Package: color 2014/04/23 v1.1a Standard LaTeX Color (DPC)

(/usr/local/texlive/2014/texmf-dist/tex/latex/latexconfig/color.cfg
File: color.cfg 2007/01/18 v1.5 color configuration of teTeX/TeXLive
)
Package color Info: Driver file: pdftex.def on input line 137.

(/usr/local/texlive/2014/texmf-dist/tex/latex/pdftex-def/pdftex.def
File: pdftex.def 2011/05/27 v0.06d Graphics/color for pdfTeX

(/usr/local/texlive/2014/texmf-dist/tex/generic/oberdiek/infwarerr.sty
Package: infwarerr 2010/04/08 v1.3 Providing info/warning/error messages (HO)
)
(/usr/local/texlive/2014/texmf-dist/tex/generic/oberdiek/ltxcmds.sty
Package: ltxcmds 2011/11/09 v1.22 LaTeX kernel commands for general use (HO)
)
\Gread@gobject=\count88
)
(/usr/local/texlive/2014/texmf-dist/tex/latex/graphics/dvipsnam.def
File: dvipsnam.def 2014/04/23 v3.0j Driver-dependant file (DPC,SPQR)
))
(/usr/local/texlive/2014/texmf-dist/tex/latex/graphics/graphicx.sty
Package: graphicx 2014/04/25 v1.0g Enhanced LaTeX Graphics (DPC,SPQR)

(/usr/local/texlive/2014/texmf-dist/tex/latex/graphics/keyval.sty
Package: keyval 2014/05/08 v1.15 key=value parser (DPC)
\KV@toks@=\toks14
)
(/usr/local/texlive/2014/texmf-dist/tex/latex/graphics/graphics.sty
Package: graphics 2009/02/05 v1.0o Standard LaTeX Graphics (DPC,SPQR)

(/usr/local/texlive/2014/texmf-dist/tex/latex/graphics/trig.sty
Package: trig 1999/03/16 v1.09 sin cos tan (DPC)
)
(/usr/local/texlive/2014/texmf-dist/tex/latex/latexconfig/graphics.cfg
File: graphics.cfg 2010/04/23 v1.9 graphics configuration of TeX Live
)
Package graphics Info: Driver file: pdftex.def on input line 91.
)
\Gin@req@height=\dimen104
\Gin@req@width=\dimen105
)
(/usr/local/texlive/2014/texmf-dist/tex/latex/amsfonts/amssymb.sty
Package: amssymb 2013/01/14 v3.01 AMS font symbols

(/usr/local/texlive/2014/texmf-dist/tex/latex/amsfonts/amsfonts.sty
Package: amsfonts 2013/01/14 v3.01 Basic AMSFonts support
\@emptytoks=\toks15
\symAMSa=\mathgroup4
\symAMSb=\mathgroup5
LaTeX Font Info:    Overwriting math alphabet `\mathfrak' in version `bold'
(Font)                  U/euf/m/n --> U/euf/b/n on input line 106.
))
(/usr/local/texlive/2014/texmf-dist/tex/latex/base/latexsym.sty
Package: latexsym 1998/08/17 v2.2e Standard LaTeX package (lasy symbols)
\symlasy=\mathgroup6
LaTeX Font Info:    Overwriting symbol font `lasy' in version `bold'
(Font)                  U/lasy/m/n --> U/lasy/b/n on input line 47.
)
(/usr/local/texlive/2014/texmf-dist/tex/latex/amsmath/amsmath.sty
Package: amsmath 2013/01/14 v2.14 AMS math features
\@mathmargin=\skip44

For additional information on amsmath, use the `?' option.
(/usr/local/texlive/2014/texmf-dist/tex/latex/amsmath/amstext.sty
Package: amstext 2000/06/29 v2.01

(/usr/local/texlive/2014/texmf-dist/tex/latex/amsmath/amsgen.sty
File: amsgen.sty 1999/11/30 v2.0
\@emptytoks=\toks16
\ex@=\dimen106
))
(/usr/local/texlive/2014/texmf-dist/tex/latex/amsmath/amsbsy.sty
Package: amsbsy 1999/11/29 v1.2d
\pmbraise@=\dimen107
)
(/usr/local/texlive/2014/texmf-dist/tex/latex/amsmath/amsopn.sty
Package: amsopn 1999/12/14 v2.01 operator names
)
\inf@bad=\count89
LaTeX Info: Redefining \frac on input line 210.
\uproot@=\count90
\leftroot@=\count91
LaTeX Info: Redefining \overline on input line 306.
\classnum@=\count92
\DOTSCASE@=\count93
LaTeX Info: Redefining \ldots on input line 378.
LaTeX Info: Redefining \dots on input line 381.
LaTeX Info: Redefining \cdots on input line 466.
\Mathstrutbox@=\box26
\strutbox@=\box27
\big@size=\dimen108
LaTeX Font Info:    Redeclaring font encoding OML on input line 566.
LaTeX Font Info:    Redeclaring font encoding OMS on input line 567.
\macc@depth=\count94
\c@MaxMatrixCols=\count95
\dotsspace@=\muskip10
\c@parentequation=\count96
\dspbrk@lvl=\count97
\tag@help=\toks17
\row@=\count98
\column@=\count99
\maxfields@=\count100
\andhelp@=\toks18
\eqnshift@=\dimen109
\alignsep@=\dimen110
\tagshift@=\dimen111
\tagwidth@=\dimen112
\totwidth@=\dimen113
\lineht@=\dimen114
\@envbody=\toks19
\multlinegap=\skip45
\multlinetaggap=\skip46
\mathdisplay@stack=\toks20
LaTeX Info: Redefining \[ on input line 2665.
LaTeX Info: Redefining \] on input line 2666.
)
(/usr/local/texlive/2014/texmf-dist/tex/latex/float/float.sty
Package: float 2001/11/08 v1.3d Float enhancements (AL)
\c@float@type=\count101
\float@exts=\toks21
\float@box=\box28
\@float@everytoks=\toks22
\@floatcapt=\box29
)
(/usr/local/texlive/2014/texmf-dist/tex/latex/tools/bm.sty
Package: bm 2004/02/26 v1.1c Bold Symbol Support (DPC/FMi)
\symboldoperators=\mathgroup7
\symboldletters=\mathgroup8
\symboldsymbols=\mathgroup9
\symboldlasy=\mathgroup10
LaTeX Font Info:    Redeclaring math alphabet \mathbf on input line 137.
LaTeX Info: Redefining \bm on input line 203.
)
(/usr/local/texlive/2014/texmf-dist/tex/latex/psnfss/times.sty
Package: times 2005/04/12 PSNFSS-v9.2a (SPQR) 
)
(/usr/local/texlive/2014/texmf-dist/tex/latex/hyperref/hyperref.sty
Package: hyperref 2012/11/06 v6.83m Hypertext links for LaTeX

(/usr/local/texlive/2014/texmf-dist/tex/generic/oberdiek/hobsub-hyperref.sty
Package: hobsub-hyperref 2012/05/28 v1.13 Bundle oberdiek, subset hyperref (HO)


(/usr/local/texlive/2014/texmf-dist/tex/generic/oberdiek/hobsub-generic.sty
Package: hobsub-generic 2012/05/28 v1.13 Bundle oberdiek, subset generic (HO)
Package: hobsub 2012/05/28 v1.13 Construct package bundles (HO)
Package hobsub Info: Skipping package `infwarerr' (already loaded).
Package hobsub Info: Skipping package `ltxcmds' (already loaded).
Package: ifluatex 2010/03/01 v1.3 Provides the ifluatex switch (HO)
Package ifluatex Info: LuaTeX not detected.
Package: ifvtex 2010/03/01 v1.5 Detect VTeX and its facilities (HO)
Package ifvtex Info: VTeX not detected.
Package: intcalc 2007/09/27 v1.1 Expandable calculations with integers (HO)
Package: ifpdf 2011/01/30 v2.3 Provides the ifpdf switch (HO)
Package ifpdf Info: pdfTeX in PDF mode is detected.
Package: etexcmds 2011/02/16 v1.5 Avoid name clashes with e-TeX commands (HO)
Package etexcmds Info: Could not find \expanded.
(etexcmds)             That can mean that you are not using pdfTeX 1.50 or
(etexcmds)             that some package has redefined \expanded.
(etexcmds)             In the latter case, load this package earlier.
Package: kvsetkeys 2012/04/25 v1.16 Key value parser (HO)
Package: kvdefinekeys 2011/04/07 v1.3 Define keys (HO)
Package: pdftexcmds 2011/11/29 v0.20 Utility functions of pdfTeX for LuaTeX (HO
)
Package pdftexcmds Info: LuaTeX not detected.
Package pdftexcmds Info: \pdf@primitive is available.
Package pdftexcmds Info: \pdf@ifprimitive is available.
Package pdftexcmds Info: \pdfdraftmode found.
Package: pdfescape 2011/11/25 v1.13 Implements pdfTeX's escape features (HO)
Package: bigintcalc 2012/04/08 v1.3 Expandable calculations on big integers (HO
)
Package: bitset 2011/01/30 v1.1 Handle bit-vector datatype (HO)
Package: uniquecounter 2011/01/30 v1.2 Provide unlimited unique counter (HO)
)
Package hobsub Info: Skipping package `hobsub' (already loaded).
Package: letltxmacro 2010/09/02 v1.4 Let assignment for LaTeX macros (HO)
Package: hopatch 2012/05/28 v1.2 Wrapper for package hooks (HO)
Package: xcolor-patch 2011/01/30 xcolor patch
Package: atveryend 2011/06/30 v1.8 Hooks at the very end of document (HO)
Package atveryend Info: \enddocument detected (standard20110627).
Package: atbegshi 2011/10/05 v1.16 At begin shipout hook (HO)
Package: refcount 2011/10/16 v3.4 Data extraction from label references (HO)
Package: hycolor 2011/01/30 v1.7 Color options for hyperref/bookmark (HO)
)
(/usr/local/texlive/2014/texmf-dist/tex/generic/ifxetex/ifxetex.sty
Package: ifxetex 2010/09/12 v0.6 Provides ifxetex conditional
)
(/usr/local/texlive/2014/texmf-dist/tex/latex/oberdiek/auxhook.sty
Package: auxhook 2011/03/04 v1.3 Hooks for auxiliary files (HO)
)
(/usr/local/texlive/2014/texmf-dist/tex/latex/oberdiek/kvoptions.sty
Package: kvoptions 2011/06/30 v3.11 Key value format for package options (HO)
)
\@linkdim=\dimen115
\Hy@linkcounter=\count102
\Hy@pagecounter=\count103

(/usr/local/texlive/2014/texmf-dist/tex/latex/hyperref/pd1enc.def
File: pd1enc.def 2012/11/06 v6.83m Hyperref: PDFDocEncoding definition (HO)
)
\Hy@SavedSpaceFactor=\count104

(/usr/local/texlive/2014/texmf-dist/tex/latex/latexconfig/hyperref.cfg
File: hyperref.cfg 2002/06/06 v1.2 hyperref configuration of TeXLive
)
Package hyperref Info: Hyper figures OFF on input line 4443.
Package hyperref Info: Link nesting OFF on input line 4448.
Package hyperref Info: Hyper index ON on input line 4451.
Package hyperref Info: Plain pages OFF on input line 4458.
Package hyperref Info: Backreferencing OFF on input line 4463.
Package hyperref Info: Implicit mode ON; LaTeX internals redefined.
Package hyperref Info: Bookmarks ON on input line 4688.
\c@Hy@tempcnt=\count105

(/usr/local/texlive/2014/texmf-dist/tex/latex/url/url.sty
\Urlmuskip=\muskip11
Package: url 2013/09/16  ver 3.4  Verb mode for urls, etc.
)
LaTeX Info: Redefining \url on input line 5041.
\XeTeXLinkMargin=\dimen116
\Fld@menulength=\count106
\Field@Width=\dimen117
\Fld@charsize=\dimen118
Package hyperref Info: Hyper figures OFF on input line 6295.
Package hyperref Info: Link nesting OFF on input line 6300.
Package hyperref Info: Hyper index ON on input line 6303.
Package hyperref Info: backreferencing OFF on input line 6310.
Package hyperref Info: Link coloring OFF on input line 6315.
Package hyperref Info: Link coloring with OCG OFF on input line 6320.
Package hyperref Info: PDF/A mode OFF on input line 6325.
LaTeX Info: Redefining \ref on input line 6365.
LaTeX Info: Redefining \pageref on input line 6369.
\Hy@abspage=\count107
\c@Item=\count108
\c@Hfootnote=\count109
)

Package hyperref Message: Driver (autodetected): hpdftex.

(/usr/local/texlive/2014/texmf-dist/tex/latex/hyperref/hpdftex.def
File: hpdftex.def 2012/11/06 v6.83m Hyperref driver for pdfTeX
\Fld@listcount=\count110
\c@bookmark@seq@number=\count111

(/usr/local/texlive/2014/texmf-dist/tex/latex/oberdiek/rerunfilecheck.sty
Package: rerunfilecheck 2011/04/15 v1.7 Rerun checks for auxiliary files (HO)
Package uniquecounter Info: New unique counter `rerunfilecheck' on input line 2
82.
)
\Hy@SectionHShift=\skip47
)
(/usr/local/texlive/2014/texmf-dist/tex/latex/caption/subcaption.sty
Package: subcaption 2013/02/03 v1.1-62 Sub-captions (AR)

(/usr/local/texlive/2014/texmf-dist/tex/latex/caption/caption.sty
Package: caption 2013/05/02 v3.3-89 Customizing captions (AR)

(/usr/local/texlive/2014/texmf-dist/tex/latex/caption/caption3.sty
Package: caption3 2013/05/02 v1.6-88 caption3 kernel (AR)
Package caption3 Info: TeX engine: e-TeX on input line 57.
\captionmargin=\dimen119
\captionmargin@=\dimen120
\captionwidth=\dimen121
\caption@tempdima=\dimen122
\caption@indent=\dimen123
\caption@parindent=\dimen124
\caption@hangindent=\dimen125
Package caption Info: Unknown document class (or package),
(caption)             standard defaults will be used.
)

Package caption Warning: Unsupported document class (or package) detected,
(caption)                usage of the caption package is not recommended.
See the caption package documentation for explanation.

Package caption Info: \@makecaption = \long macro:#1#2->\vskip \abovecaptionski
p \sbox \@tempboxa {{\bf #1.} #2}\ifdim \wd \@tempboxa >\hsize {\bf #1.} #2\par
 \else \global \@minipagefalse \hb@xt@ \hsize {\hfil \box \@tempboxa \hfil }\fi
 \vskip \belowcaptionskip .
\c@ContinuedFloat=\count112
Package caption Info: float package is loaded.
Package caption Info: hyperref package is loaded.
)
\c@subfigure=\count113
\c@subtable=\count114
) (/usr/local/texlive/2014/texmf-dist/tex/latex/psnfss/mathptmx.sty
Package: mathptmx 2005/04/12 PSNFSS-v9.2a Times w/ Math, improved (SPQR, WaS) 
LaTeX Font Info:    Redeclaring symbol font `operators' on input line 28.
LaTeX Font Info:    Overwriting symbol font `operators' in version `normal'
(Font)                  OT1/cmr/m/n --> OT1/ztmcm/m/n on input line 28.
LaTeX Font Info:    Overwriting symbol font `operators' in version `bold'
(Font)                  OT1/cmr/bx/n --> OT1/ztmcm/m/n on input line 28.
LaTeX Font Info:    Redeclaring symbol font `letters' on input line 29.
LaTeX Font Info:    Overwriting symbol font `letters' in version `normal'
(Font)                  OML/cmm/m/it --> OML/ztmcm/m/it on input line 29.
LaTeX Font Info:    Overwriting symbol font `letters' in version `bold'
(Font)                  OML/cmm/b/it --> OML/ztmcm/m/it on input line 29.
LaTeX Font Info:    Redeclaring symbol font `symbols' on input line 30.
LaTeX Font Info:    Overwriting symbol font `symbols' in version `normal'
(Font)                  OMS/cmsy/m/n --> OMS/ztmcm/m/n on input line 30.
LaTeX Font Info:    Overwriting symbol font `symbols' in version `bold'
(Font)                  OMS/cmsy/b/n --> OMS/ztmcm/m/n on input line 30.
LaTeX Font Info:    Redeclaring symbol font `largesymbols' on input line 31.
LaTeX Font Info:    Overwriting symbol font `largesymbols' in version `normal'
(Font)                  OMX/cmex/m/n --> OMX/ztmcm/m/n on input line 31.
LaTeX Font Info:    Overwriting symbol font `largesymbols' in version `bold'
(Font)                  OMX/cmex/m/n --> OMX/ztmcm/m/n on input line 31.
\symbold=\mathgroup11
\symitalic=\mathgroup12
LaTeX Font Info:    Redeclaring math alphabet \mathbf on input line 34.
LaTeX Font Info:    Redeclaring math alphabet \mathit on input line 35.
LaTeX Font Info:    Overwriting math alphabet `\mathit' in version `normal'
(Font)                  OT1/cmr/m/it --> OT1/ptm/m/it on input line 35.
LaTeX Font Info:    Overwriting math alphabet `\mathit' in version `bold'
(Font)                  OT1/cmr/bx/it --> OT1/ptm/m/it on input line 35.
LaTeX Info: Redefining \hbar on input line 50.
)
(/usr/local/texlive/2014/texmf-dist/tex/latex/anyfontsize/anyfontsize.sty
Package: anyfontsize 2007/11/22 anyfontsize.sty by pts
)
(/usr/local/texlive/2014/texmf-dist/tex/latex/base/t1enc.sty
Package: t1enc 1994/06/01 Standard LaTeX package
)
(/usr/local/texlive/2014/texmf-dist/tex/latex/ms/ragged2e.sty
Package: ragged2e 2009/05/21 v2.1 ragged2e Package (MS)


LaTeX Warning: Command \@arrayparboxrestore  has changed.
               Check if current package is valid.

(/usr/local/texlive/2014/texmf-dist/tex/latex/ms/everysel.sty
Package: everysel 2011/10/28 v1.2 EverySelectfont Package (MS)
)
(/usr/local/texlive/2014/texmf-dist/tex/latex/footmisc/footmisc.sty
Package: footmisc 2011/06/06 v5.5b a miscellany of footnote facilities
\FN@temptoken=\toks23
\footnotemargin=\dimen126
\c@pp@next@reset=\count115
Package footmisc Info: Declaring symbol style bringhurst on input line 855.
Package footmisc Info: Declaring symbol style chicago on input line 863.
Package footmisc Info: Declaring symbol style wiley on input line 872.
Package footmisc Info: Declaring symbol style lamport-robust on input line 883.

Package footmisc Info: Declaring symbol style lamport* on input line 903.
Package footmisc Info: Declaring symbol style lamport*-robust on input line 924
.
)
\CenteringLeftskip=\skip48
\RaggedLeftLeftskip=\skip49
\RaggedRightLeftskip=\skip50
\CenteringRightskip=\skip51
\RaggedLeftRightskip=\skip52
\RaggedRightRightskip=\skip53
\CenteringParfillskip=\skip54
\RaggedLeftParfillskip=\skip55
\RaggedRightParfillskip=\skip56
\JustifyingParfillskip=\skip57
\CenteringParindent=\skip58
\RaggedLeftParindent=\skip59
\RaggedRightParindent=\skip60
\JustifyingParindent=\skip61
)
(./elsevier.aux)
\openout1 = `elsevier.aux'.

LaTeX Font Info:    Checking defaults for OML/cmm/m/it on input line 15.
LaTeX Font Info:    ... okay on input line 15.
LaTeX Font Info:    Checking defaults for T1/cmr/m/n on input line 15.
LaTeX Font Info:    ... okay on input line 15.
LaTeX Font Info:    Checking defaults for OT1/cmr/m/n on input line 15.
LaTeX Font Info:    ... okay on input line 15.
LaTeX Font Info:    Checking defaults for OMS/cmsy/m/n on input line 15.
LaTeX Font Info:    ... okay on input line 15.
LaTeX Font Info:    Checking defaults for OMX/cmex/m/n on input line 15.
LaTeX Font Info:    ... okay on input line 15.
LaTeX Font Info:    Checking defaults for U/cmr/m/n on input line 15.
LaTeX Font Info:    ... okay on input line 15.
LaTeX Font Info:    Checking defaults for PD1/pdf/m/n on input line 15.
LaTeX Font Info:    ... okay on input line 15.
LaTeX Font Info:    Try loading font information for T1+ptm on input line 15.
 (/usr/local/texlive/2014/texmf-dist/tex/latex/psnfss/t1ptm.fd
File: t1ptm.fd 2001/06/04 font definitions for T1/ptm.
) (/usr/local/texlive/2014/texmf-dist/tex/context/base/supp-pdf.mkii
[Loading MPS to PDF converter (version 2006.09.02).]
\scratchcounter=\count116
\scratchdimen=\dimen127
\scratchbox=\box30
\nofMPsegments=\count117
\nofMParguments=\count118
\everyMPshowfont=\toks24
\MPscratchCnt=\count119
\MPscratchDim=\dimen128
\MPnumerator=\count120
\makeMPintoPDFobject=\count121
\everyMPtoPDFconversion=\toks25
) (/usr/local/texlive/2014/texmf-dist/tex/latex/oberdiek/epstopdf-base.sty
Package: epstopdf-base 2010/02/09 v2.5 Base part for package epstopdf

(/usr/local/texlive/2014/texmf-dist/tex/latex/oberdiek/grfext.sty
Package: grfext 2010/08/19 v1.1 Manage graphics extensions (HO)
)
Package grfext Info: Graphics extension search list:
(grfext)             [.png,.pdf,.jpg,.mps,.jpeg,.jbig2,.jb2,.PNG,.PDF,.JPG,.JPE
G,.JBIG2,.JB2,.eps]
(grfext)             \AppendGraphicsExtensions on input line 452.

(/usr/local/texlive/2014/texmf-dist/tex/latex/latexconfig/epstopdf-sys.cfg
File: epstopdf-sys.cfg 2010/07/13 v1.3 Configuration of (r)epstopdf for TeX Liv
e
))
\AtBeginShipoutBox=\box31
Package hyperref Info: Link coloring OFF on input line 15.

(/usr/local/texlive/2014/texmf-dist/tex/latex/hyperref/nameref.sty
Package: nameref 2012/10/27 v2.43 Cross-referencing by name of section

(/usr/local/texlive/2014/texmf-dist/tex/generic/oberdiek/gettitlestring.sty
Package: gettitlestring 2010/12/03 v1.4 Cleanup title references (HO)
)
\c@section@level=\count122
)
LaTeX Info: Redefining \ref on input line 15.
LaTeX Info: Redefining \pageref on input line 15.
LaTeX Info: Redefining \nameref on input line 15.

(./elsevier.out) (./elsevier.out)
\@outlinefile=\write3
\openout3 = `elsevier.out'.

Package caption Info: Begin \AtBeginDocument code.
Package caption Info: End \AtBeginDocument code.
Package ragged2e Info: ABD: executing \RaggedRight on input line 15.
 ABD: EverySelectfont initializing macros
LaTeX Info: Redefining \selectfont on input line 15.
LaTeX Font Info:    Font shape `T1/ptm/bx/n' in size <18.06749> not available
(Font)              Font shape `T1/ptm/b/n' tried instead on input line 16.
LaTeX Font Info:    Font shape `T1/ptm/bx/n' in size <10.95> not available
(Font)              Font shape `T1/ptm/b/n' tried instead on input line 17.
LaTeX Font Info:    Try loading font information for OT1+ztmcm on input line 17
.

(/usr/local/texlive/2014/texmf-dist/tex/latex/psnfss/ot1ztmcm.fd
File: ot1ztmcm.fd 2000/01/03 Fontinst v1.801 font definitions for OT1/ztmcm.
)
LaTeX Font Info:    Try loading font information for OML+ztmcm on input line 17
.

(/usr/local/texlive/2014/texmf-dist/tex/latex/psnfss/omlztmcm.fd
File: omlztmcm.fd 2000/01/03 Fontinst v1.801 font definitions for OML/ztmcm.
)
LaTeX Font Info:    Try loading font information for OMS+ztmcm on input line 17
.

(/usr/local/texlive/2014/texmf-dist/tex/latex/psnfss/omsztmcm.fd
File: omsztmcm.fd 2000/01/03 Fontinst v1.801 font definitions for OMS/ztmcm.
)
LaTeX Font Info:    Try loading font information for OMX+ztmcm on input line 17
.

(/usr/local/texlive/2014/texmf-dist/tex/latex/psnfss/omxztmcm.fd
File: omxztmcm.fd 2000/01/03 Fontinst v1.801 font definitions for OMX/ztmcm.
)
LaTeX Font Info:    Try loading font information for U+lasy on input line 17.

(/usr/local/texlive/2014/texmf-dist/tex/latex/base/ulasy.fd
File: ulasy.fd 1998/08/17 v2.2e LaTeX symbol font definitions
)
LaTeX Font Info:    Font shape `U/lasy/b/n' in size <8> not available
(Font)              Font shape `U/lasy/m/n' tried instead on input line 17.
LaTeX Font Info:    Font shape `U/lasy/b/n' in size <6> not available
(Font)              Font shape `U/lasy/m/n' tried instead on input line 17.
LaTeX Font Info:    Try loading font information for OT1+ptm on input line 17.

(/usr/local/texlive/2014/texmf-dist/tex/latex/psnfss/ot1ptm.fd
File: ot1ptm.fd 2001/06/04 font definitions for OT1/ptm.
)
LaTeX Font Info:    Font shape `OT1/ptm/bx/n' in size <10.95> not available
(Font)              Font shape `OT1/ptm/b/n' tried instead on input line 17.
LaTeX Font Info:    Font shape `OT1/ptm/bx/n' in size <8> not available
(Font)              Font shape `OT1/ptm/b/n' tried instead on input line 17.
LaTeX Font Info:    Font shape `OT1/ptm/bx/n' in size <6> not available
(Font)              Font shape `OT1/ptm/b/n' tried instead on input line 17.
LaTeX Font Info:    Font shape `U/lasy/b/n' in size <9> not available
(Font)              Font shape `U/lasy/m/n' tried instead on input line 19.
LaTeX Font Info:    Font shape `U/lasy/b/n' in size <7> not available
(Font)              Font shape `U/lasy/m/n' tried instead on input line 19.
LaTeX Font Info:    Font shape `U/lasy/b/n' in size <5> not available
(Font)              Font shape `U/lasy/m/n' tried instead on input line 19.
LaTeX Font Info:    Font shape `OT1/ptm/bx/n' in size <9> not available
(Font)              Font shape `OT1/ptm/b/n' tried instead on input line 19.
LaTeX Font Info:    Font shape `OT1/ptm/bx/n' in size <7> not available
(Font)              Font shape `OT1/ptm/b/n' tried instead on input line 19.
LaTeX Font Info:    Font shape `OT1/ptm/bx/n' in size <5> not available
(Font)              Font shape `OT1/ptm/b/n' tried instead on input line 19.
LaTeX Font Info:    Try loading font information for T1+pcr on input line 22.

(/usr/local/texlive/2014/texmf-dist/tex/latex/psnfss/t1pcr.fd
File: t1pcr.fd 2001/06/04 font definitions for T1/pcr.
)
LaTeX Font Info:    Font shape `T1/ptm/bx/n' in size <9> not available
(Font)              Font shape `T1/ptm/b/n' tried instead on input line 24.
 (./abstract.tex) (./intro.tex

LaTeX Font Warning: Command \tiny invalid in math mode on input line 14.


LaTeX Font Warning: Command \tiny invalid in math mode on input line 14.


Underfull \hbox (badness 10000) in paragraph at lines 13--15

 []

[1

{/usr/local/texlive/2014/texmf-var/fonts/map/pdftex/updmap/pdftex.map}]
Underfull \hbox (badness 10000) in paragraph at lines 16--17

 []


Underfull \hbox (badness 10000) in paragraph at lines 22--24

 []


Underfull \hbox (badness 10000) in paragraph at lines 29--31

 []

) (./motivation.tex
Underfull \hbox (badness 10000) in paragraph at lines 1--2

 []

[2]
Underfull \hbox (badness 10000) in paragraph at lines 3--4

 []


Underfull \hbox (badness 10000) in paragraph at lines 5--6

 []


Underfull \hbox (badness 10000) in paragraph at lines 7--8

 []

[3]) (./formulation.tex
Underfull \hbox (badness 10000) in paragraph at lines 11--13

 []

[4]
Underfull \hbox (badness 10000) in paragraph at lines 43--45

 []


Underfull \hbox (badness 10000) in paragraph at lines 75--77

 []

[5] [6]
Underfull \hbox (badness 10000) in paragraph at lines 128--129

 []

[7] [8]
Underfull \hbox (badness 10000) in paragraph at lines 215--217

 []


Underfull \hbox (badness 10000) in paragraph at lines 222--224

 []

) [9] (./examples.tex
<figures/LbracketMesh3.png, id=230, 373.8768pt x 353.6412pt>
File: figures/LbracketMesh3.png Graphic file (type png)

<use figures/LbracketMesh3.png>
Package pdftex.def Info: figures/LbracketMesh3.png used on input line 4.
(pdftex.def)             Requested size: 223.0721pt x 210.9938pt.

<figures/LbracketGeom3.png, id=232, 373.8768pt x 353.6412pt>
File: figures/LbracketGeom3.png Graphic file (type png)

<use figures/LbracketGeom3.png>
Package pdftex.def Info: figures/LbracketGeom3.png used on input line 5.
(pdftex.def)             Requested size: 223.0721pt x 210.9938pt.

Underfull \hbox (badness 10000) in paragraph at lines 10--11

 []


Underfull \hbox (badness 10000) in paragraph at lines 12--13

 []


Underfull \hbox (badness 10000) in paragraph at lines 15--16

 []

[10 <./figures/LbracketMesh3.png> <./figures/LbracketGeom3.png>]
<figures/ObjectiveFunctionConvergence_LoadSROM.png, id=258, 562.1pt x 421.575pt
>
File: figures/ObjectiveFunctionConvergence_LoadSROM.png Graphic file (type png)

 <use figures/ObjectiveFunctionConvergence_LoadSROM.png>
Package pdftex.def Info: figures/ObjectiveFunctionConvergence_LoadSROM.png used
 on input line 20.
(pdftex.def)             Requested size: 223.0721pt x 167.30186pt.

<figures/ObjectiveFunctionConvergence_MatSROM.png, id=259, 562.1pt x 421.575pt>
File: figures/ObjectiveFunctionConvergence_MatSROM.png Graphic file (type png)
<use figures/ObjectiveFunctionConvergence_MatSROM.png>
Package pdftex.def Info: figures/ObjectiveFunctionConvergence_MatSROM.png used 
on input line 21.
(pdftex.def)             Requested size: 223.0721pt x 167.30186pt.

Underfull \hbox (badness 10000) in paragraph at lines 26--27

 []


Underfull \hbox (badness 10000) in paragraph at lines 28--29

 []

[11 <./figures/ObjectiveFunctionConvergence_LoadSROM.png (PNG copy)> <./figures
/ObjectiveFunctionConvergence_MatSROM.png (PNG copy)>]
<figures/Mat2AndLoadRand_LoadSrom5_cdf.png, id=281, 562.1pt x 421.575pt>
File: figures/Mat2AndLoadRand_LoadSrom5_cdf.png Graphic file (type png)

<use figures/Mat2AndLoadRand_LoadSrom5_cdf.png>
Package pdftex.def Info: figures/Mat2AndLoadRand_LoadSrom5_cdf.png used on inpu
t line 34.
(pdftex.def)             Requested size: 216.24371pt x 162.18143pt.
LaTeX Font Info:    Font shape `U/lasy/b/n' in size <7.4> not available
(Font)              Font shape `U/lasy/m/n' tried instead on input line 34.
LaTeX Font Info:    Font shape `OT1/ptm/bx/n' in size <10> not available
(Font)              Font shape `OT1/ptm/b/n' tried instead on input line 34.
LaTeX Font Info:    Font shape `OT1/ptm/bx/n' in size <7.4> not available
(Font)              Font shape `OT1/ptm/b/n' tried instead on input line 34.

<figures/Mat2AndLoadRand_LoadSrom10_cdf.png, id=282, 562.1pt x 421.575pt>
File: figures/Mat2AndLoadRand_LoadSrom10_cdf.png Graphic file (type png)

<use figures/Mat2AndLoadRand_LoadSrom10_cdf.png>
Package pdftex.def Info: figures/Mat2AndLoadRand_LoadSrom10_cdf.png used on inp
ut line 37.
(pdftex.def)             Requested size: 216.24371pt x 162.18143pt.

<figures/Mat2AndLoadRand_LoadSrom15_cdf.png, id=283, 562.1pt x 421.575pt>
File: figures/Mat2AndLoadRand_LoadSrom15_cdf.png Graphic file (type png)

<use figures/Mat2AndLoadRand_LoadSrom15_cdf.png>
Package pdftex.def Info: figures/Mat2AndLoadRand_LoadSrom15_cdf.png used on inp
ut line 41.
(pdftex.def)             Requested size: 216.24371pt x 162.18143pt.

<figures/Mat2AndLoadRand_LoadSrom20_cdf.png, id=284, 562.1pt x 421.575pt>
File: figures/Mat2AndLoadRand_LoadSrom20_cdf.png Graphic file (type png)

<use figures/Mat2AndLoadRand_LoadSrom20_cdf.png>
Package pdftex.def Info: figures/Mat2AndLoadRand_LoadSrom20_cdf.png used on inp
ut line 44.
(pdftex.def)             Requested size: 216.24371pt x 162.18143pt.

<figures/Mat2AndLoadRand_Mat2Srom5_cdf.png, id=285, 562.1pt x 421.575pt>
File: figures/Mat2AndLoadRand_Mat2Srom5_cdf.png Graphic file (type png)

<use figures/Mat2AndLoadRand_Mat2Srom5_cdf.png>
Package pdftex.def Info: figures/Mat2AndLoadRand_Mat2Srom5_cdf.png used on inpu
t line 54.
(pdftex.def)             Requested size: 216.24371pt x 162.18143pt.

<figures/Mat2AndLoadRand_Mat2Srom10_cdf.png, id=286, 562.1pt x 421.575pt>
File: figures/Mat2AndLoadRand_Mat2Srom10_cdf.png Graphic file (type png)

<use figures/Mat2AndLoadRand_Mat2Srom10_cdf.png>
Package pdftex.def Info: figures/Mat2AndLoadRand_Mat2Srom10_cdf.png used on inp
ut line 57.
(pdftex.def)             Requested size: 216.24371pt x 162.18143pt.

<figures/Mat2AndLoadRand_Mat2Srom15_cdf.png, id=287, 562.1pt x 421.575pt>
File: figures/Mat2AndLoadRand_Mat2Srom15_cdf.png Graphic file (type png)

<use figures/Mat2AndLoadRand_Mat2Srom15_cdf.png>
Package pdftex.def Info: figures/Mat2AndLoadRand_Mat2Srom15_cdf.png used on inp
ut line 61.
(pdftex.def)             Requested size: 216.24371pt x 162.18143pt.

<figures/Mat2AndLoadRand_Mat2Srom20_cdf.png, id=288, 562.1pt x 421.575pt>
File: figures/Mat2AndLoadRand_Mat2Srom20_cdf.png Graphic file (type png)

<use figures/Mat2AndLoadRand_Mat2Srom20_cdf.png>
Package pdftex.def Info: figures/Mat2AndLoadRand_Mat2Srom20_cdf.png used on inp
ut line 64.
(pdftex.def)             Requested size: 216.24371pt x 162.18143pt.

Underfull \hbox (badness 10000) in paragraph at lines 70--71

 []

[12 <./figures/Mat2AndLoadRand_LoadSrom5_cdf.png (PNG copy)> <./figures/Mat2And
LoadRand_LoadSrom10_cdf.png (PNG copy)> <./figures/Mat2AndLoadRand_LoadSrom15_c
df.png (PNG copy)> <./figures/Mat2AndLoadRand_LoadSrom20_cdf.png (PNG copy)>]
<figures/deterministic.png, id=300, 562.1pt x 421.575pt>
File: figures/deterministic.png Graphic file (type png)

<use figures/deterministic.png>
Package pdftex.def Info: figures/deterministic.png used on input line 75.
(pdftex.def)             Requested size: 186.65173pt x 139.98859pt.

<figures/Design_MatSrom4_LoadSrom80.png, id=301, 562.1pt x 421.575pt>
File: figures/Design_MatSrom4_LoadSrom80.png Graphic file (type png)

<use figures/Design_MatSrom4_LoadSrom80.png>
Package pdftex.def Info: figures/Design_MatSrom4_LoadSrom80.png used on input l
ine 79.
(pdftex.def)             Requested size: 186.65173pt x 139.98859pt.

<figures/Design_MatSrom4_LoadSrom70.png, id=302, 562.1pt x 421.575pt>
File: figures/Design_MatSrom4_LoadSrom70.png Graphic file (type png)

<use figures/Design_MatSrom4_LoadSrom70.png>
Package pdftex.def Info: figures/Design_MatSrom4_LoadSrom70.png used on input l
ine 83.
(pdftex.def)             Requested size: 186.65173pt x 139.98859pt.

<figures/Design_MatSrom4_LoadSrom100.png, id=303, 562.1pt x 421.575pt>
File: figures/Design_MatSrom4_LoadSrom100.png Graphic file (type png)

<use figures/Design_MatSrom4_LoadSrom100.png>
Package pdftex.def Info: figures/Design_MatSrom4_LoadSrom100.png used on input 
line 87.
(pdftex.def)             Requested size: 186.65173pt x 139.98859pt.
File: figures/deterministic.png Graphic file (type png)
 <use figures/deterministic.png>
Package pdftex.def Info: figures/deterministic.png used on input line 98.
(pdftex.def)             Requested size: 186.65173pt x 139.98859pt.

<figures/Srom5Mat2Random.png, id=304, 562.1pt x 421.575pt>
File: figures/Srom5Mat2Random.png Graphic file (type png)

<use figures/Srom5Mat2Random.png>
Package pdftex.def Info: figures/Srom5Mat2Random.png used on input line 99.
(pdftex.def)             Requested size: 186.65173pt x 139.98859pt.

<figures/Srom10Mat2Random.png, id=305, 562.1pt x 421.575pt>
File: figures/Srom10Mat2Random.png Graphic file (type png)

<use figures/Srom10Mat2Random.png>
Package pdftex.def Info: figures/Srom10Mat2Random.png used on input line 101.
(pdftex.def)             Requested size: 186.65173pt x 139.98859pt.

<figures/Srom15Mat2Random.png, id=306, 562.1pt x 421.575pt>
File: figures/Srom15Mat2Random.png Graphic file (type png)

<use figures/Srom15Mat2Random.png>
Package pdftex.def Info: figures/Srom15Mat2Random.png used on input line 103.
(pdftex.def)             Requested size: 186.65173pt x 139.98859pt.

Underfull \hbox (badness 10000) in paragraph at lines 109--110

 []

[13 <./figures/Mat2AndLoadRand_Mat2Srom5_cdf.png (PNG copy)> <./figures/Mat2And
LoadRand_Mat2Srom10_cdf.png (PNG copy)> <./figures/Mat2AndLoadRand_Mat2Srom15_c
df.png (PNG copy)> <./figures/Mat2AndLoadRand_Mat2Srom20_cdf.png (PNG copy)>])
(./conclusions.tex
Underfull \hbox (badness 10000) in paragraph at lines 1--2

 []

[14 <./figures/deterministic.png (PNG copy)> <./figures/Design_MatSrom4_LoadSro
m80.png (PNG copy)> <./figures/Design_MatSrom4_LoadSrom70.png (PNG copy)> <./fi
gures/Design_MatSrom4_LoadSrom100.png (PNG copy)>]) (./acknowledgements.tex)
Underfull \hbox (badness 1668) in paragraph at lines 1--53
\T1/ptm/m/n/10.95 Sandia National Laboratories is a multimission laboratory man
aged and operated by National
 []

[15 <./figures/Srom5Mat2Random.png (PNG copy)> <./figures/Srom10Mat2Random.png 
(PNG copy)> <./figures/Srom15Mat2Random.png (PNG copy)>] (./elsevier.bbl
[16]
Underfull \hbox (badness 2261) in paragraph at lines 150--153
[]|\T1/ptm/m/n/9 , \T1/ptm/m/it/9 Morphology-based black and white filters for 
topology optimization\T1/ptm/m/n/9 , Structural and Multidisciplinary
 []


Underfull \hbox (badness 1308) in paragraph at lines 176--179
[]\T1/ptm/m/sc/9 K. Svanberg\T1/ptm/m/n/9 , \T1/ptm/m/it/9 A class of globally 
convergent optimization methods based on conservative convex separable
 []

)
Package atveryend Info: Empty hook `BeforeClearDocument' on input line 61.
 [17]
Package atveryend Info: Empty hook `AfterLastShipout' on input line 61.
 (./elsevier.aux)
Package atveryend Info: Executing hook `AtVeryEndDocument' on input line 61.
Package atveryend Info: Executing hook `AtEndAfterFileList' on input line 61.
Package rerunfilecheck Info: File `elsevier.out' has not changed.
(rerunfilecheck)             Checksum: D41D8CD98F00B204E9800998ECF8427E;0.


LaTeX Warning: Label(s) may have changed. Rerun to get cross-references right.

Package atveryend Info: Empty hook `AtVeryVeryEnd' on input line 61.
 ) 
Here is how much of TeX's memory you used:
 8363 strings out of 493117
 126765 string characters out of 6135433
 225848 words of memory out of 5000000
 11491 multiletter control sequences out of 15000+600000
 88468 words of font info for 175 fonts, out of 8000000 for 9000
 1141 hyphenation exceptions out of 8191
 42i,12n,40p,2092b,625s stack positions out of 5000i,500n,10000p,200000b,80000s
{/usr/local/texlive/2014/texmf-dist/fonts/enc/dvips/base/8r.enc}</usr/local/t
exlive/2014/texmf-dist/fonts/type1/public/amsfonts/cm/cmbx10.pfb></usr/local/te
xlive/2014/texmf-dist/fonts/type1/public/amsfonts/cm/cmex10.pfb></usr/local/tex
live/2014/texmf-dist/fonts/type1/public/amsfonts/cm/cmmi10.pfb></usr/local/texl
ive/2014/texmf-dist/fonts/type1/public/amsfonts/cm/cmmib10.pfb></usr/local/texl
ive/2014/texmf-dist/fonts/type1/public/amsfonts/cmextra/cmmib6.pfb></usr/local/
texlive/2014/texmf-dist/fonts/type1/public/amsfonts/cmextra/cmmib8.pfb></usr/lo
cal/texlive/2014/texmf-dist/fonts/type1/public/amsfonts/cm/cmr10.pfb></usr/loca
l/texlive/2014/texmf-dist/fonts/type1/public/amsfonts/cm/cmss10.pfb></usr/local
/texlive/2014/texmf-dist/fonts/type1/public/amsfonts/cm/cmss8.pfb></usr/local/t
exlive/2014/texmf-dist/fonts/type1/public/amsfonts/cm/cmsy10.pfb></usr/local/te
xlive/2014/texmf-dist/fonts/type1/public/amsfonts/symbols/msbm10.pfb></usr/loca
l/texlive/2014/texmf-dist/fonts/type1/public/rsfs/rsfs10.pfb></usr/local/texliv
e/2014/texmf-dist/fonts/type1/urw/courier/ucrr8a.pfb></usr/local/texlive/2014/t
exmf-dist/fonts/type1/urw/symbol/usyr.pfb></usr/local/texlive/2014/texmf-dist/f
onts/type1/urw/symbol/usyr.pfb></usr/local/texlive/2014/texmf-dist/fonts/type1/
urw/times/utmb8a.pfb></usr/local/texlive/2014/texmf-dist/fonts/type1/urw/times/
utmr8a.pfb></usr/local/texlive/2014/texmf-dist/fonts/type1/urw/times/utmri8a.pf
b>
Output written on elsevier.pdf (17 pages, 775019 bytes).
PDF statistics:
 419 PDF objects out of 1000 (max. 8388607)
 356 compressed objects within 4 object streams
 108 named destinations out of 1000 (max. 500000)
 96 words of extra memory for PDF output out of 10000 (max. 10000000)

